#
# A fatal error has been detected by the Java Runtime Environment:
#
#  EXCEPTION_ACCESS_VIOLATION (0xc0000005) at pc=0x0000000002c403dd, pid=8968, tid=0x0000000000001848
#
# JRE version: Java(TM) SE Runtime Environment (8.0_191-b12) (build 1.8.0_191-b12)
# Java VM: Java HotSpot(TM) 64-Bit Server VM (25.191-b12 mixed mode windows-amd64 compressed oops)
# Problematic frame:
# J 1547 C2 java.util.TreeMap.put(Ljava/lang/Object;Ljava/lang/Object;)Ljava/lang/Object; (247 bytes) @ 0x0000000002c403dd [0x0000000002c3fde0+0x5fd]
#
# Failed to write core dump. Minidumps are not enabled by default on client versions of Windows
#
# If you would like to submit a bug report, please visit:
#   http://bugreport.java.com/bugreport/crash.jsp
#

---------------  T H R E A D  ---------------

Current thread (0x000000001d4cb000):  JavaThread "Timer-0" [_thread_in_Java, id=6216, stack(0x000000001e470000,0x000000001e570000)]

siginfo: ExceptionCode=0xc0000005, reading address 0x0000000000000027

Registers:
RAX=0x0000000000000000, RBX=0x0000000000000007, RCX=0x0000000000000007, RDX=0x00000000d818f44e
RSP=0x000000001e56ef80, RBP=0x00000006c0c7a280, RSI=0x00000006c0c7a368, RDI=0x000000076cab45d8
R8 =0x000000076cab4538, R9 =0x0000000000000007, R10=0x00000006c0c7a410, R11=0x00000006c0c7a258
R12=0x0000000000000000, R13=0x00000006c0c1b510, R14=0x00000006c0c7b8d0, R15=0x000000001d4cb000
RIP=0x0000000002c403dd, EFLAGS=0x0000000000010246

Top of Stack: (sp=0x000000001e56ef80)
0x000000001e56ef80:   00000006c0c6f028 00000001d818de05
0x000000001e56ef90:   00000006c0c7a258 00000007c009cf68
0x000000001e56efa0:   000000076cab4450 000000076cab42a8
0x000000001e56efb0:   000000072fe82df9 0000000700000010
0x000000001e56efc0:   00000006c0c02290 000000001b872eed
0x000000001e56efd0:   0000000000000009 0000000002d0afa0
0x000000001e56efe0:   0000002023c42660 0000000000000010
0x000000001e56eff0:   000000076cab2418 0000000002d069d0
0x000000001e56f000:   00000006c0c7a1a0 0000000a0000000d
0x000000001e56f010:   d81a81630000000f 000000076cab44d8
0x000000001e56f020:   000000076cab4498 00000006c0c678a0
0x000000001e56f030:   05c28a1bd818cf10 000000076cab4508
0x000000001e56f040:   00000006daa3a116 0000000200000001
0x000000001e56f050:   0000000000000002 00000007c0011570
0x000000001e56f060:   000000076cab42a8 00000007c009c050
0x000000001e56f070:   000000076cab4300 00000006c0c678a0 

Instructions: (pc=0x0000000002c403dd)
0x0000000002c403bd:   00 f8 0f 85 14 04 00 00 4d 8d 14 cc 41 8b 4a 0c
0x0000000002c403cd:   41 8b 4c cc 0c 3b cb 74 07 2b cb e9 c7 00 00 00
0x0000000002c403dd:   45 8b 52 0c 43 8b 54 d4 0c 4b 8d 0c d4 4b 8d 74
0x0000000002c403ed:   d4 10 48 8b fd 41 8b c9 8b c1 2b ca 51 0f 4e d0 


Register to memory mapping:

RAX=0x0000000000000000 is an unknown value
RBX=0x0000000000000007 is an unknown value
RCX=0x0000000000000007 is an unknown value
RDX=0x00000000d818f44e is an unknown value
RSP=0x000000001e56ef80 is pointing into the stack for thread: 0x000000001d4cb000
RBP=0x00000006c0c7a280 is pointing into object: 0x00000006c0c7a270
[C 
 - klass: {type array char}
 - length: 7
RSI=0x00000006c0c7a368 is an oop
java.lang.String 
 - klass: 'java/lang/String'
RDI=0x000000076cab45d8 is an oop
java.util.TreeMap$Entry 
 - klass: 'java/util/TreeMap$Entry'
R8 =0x000000076cab4538 is an oop
java.util.TreeMap$Entry 
 - klass: 'java/util/TreeMap$Entry'
R9 =0x0000000000000007 is an unknown value
R10=0x00000006c0c7a410 is an oop
java.lang.String 
 - klass: 'java/lang/String'
R11=0x00000006c0c7a258 is an oop
java.lang.String 
 - klass: 'java/lang/String'
R12=0x0000000000000000 is an unknown value
R13=0x00000006c0c1b510 is an oop
sun.util.locale.provider.CalendarNameProviderImpl$LengthBasedComparator 
 - klass: 'sun/util/locale/provider/CalendarNameProviderImpl$LengthBasedComparator'
R14=0x00000006c0c7b8d0 is an oop
java.lang.Integer 
 - klass: 'java/lang/Integer'
R15=0x000000001d4cb000 is a thread


Stack: [0x000000001e470000,0x000000001e570000],  sp=0x000000001e56ef80,  free space=1019k
Native frames: (J=compiled Java code, j=interpreted, Vv=VM code, C=native code)
C  0x0000000002c403dd


---------------  P R O C E S S  ---------------

Java Threads: ( => current thread )
  0x000000001e753800 JavaThread "D3D Screen Updater" daemon [_thread_blocked, id=7656, stack(0x0000000023580000,0x0000000023680000)]
  0x000000001e7a2800 JavaThread "TimerQueue" daemon [_thread_blocked, id=3164, stack(0x0000000023060000,0x0000000023160000)]
  0x000000001e685000 JavaThread "Swing-Shell" daemon [_thread_blocked, id=7984, stack(0x0000000022250000,0x0000000022350000)]
  0x000000001e634800 JavaThread "AWT-EventQueue-0" [_thread_blocked, id=5724, stack(0x0000000021950000,0x0000000021a50000)]
  0x000000001e5b2800 JavaThread "AWT-Windows" daemon [_thread_in_native, id=4388, stack(0x000000001f010000,0x000000001f110000)]
  0x000000001e5ad000 JavaThread "AWT-Shutdown" [_thread_blocked, id=5944, stack(0x000000001edf0000,0x000000001eef0000)]
  0x000000001e5a6000 JavaThread "Java2D Disposer" daemon [_thread_blocked, id=5300, stack(0x000000001ef00000,0x000000001f000000)]
=>0x000000001d4cb000 JavaThread "Timer-0" [_thread_in_Java, id=6216, stack(0x000000001e470000,0x000000001e570000)]
  0x000000001d483800 JavaThread "Service Thread" daemon [_thread_blocked, id=6468, stack(0x000000001e080000,0x000000001e180000)]
  0x000000001d410000 JavaThread "C1 CompilerThread2" daemon [_thread_blocked, id=8436, stack(0x000000001db80000,0x000000001dc80000)]
  0x000000001d40e800 JavaThread "C2 CompilerThread1" daemon [_thread_blocked, id=6600, stack(0x000000001de50000,0x000000001df50000)]
  0x000000001d405800 JavaThread "C2 CompilerThread0" daemon [_thread_blocked, id=8028, stack(0x000000001dc90000,0x000000001dd90000)]
  0x000000001d402800 JavaThread "Attach Listener" daemon [_thread_blocked, id=7844, stack(0x000000001da40000,0x000000001db40000)]
  0x000000001d401800 JavaThread "Signal Dispatcher" daemon [_thread_blocked, id=7172, stack(0x000000001d860000,0x000000001d960000)]
  0x000000001bfff000 JavaThread "Finalizer" daemon [_thread_blocked, id=1120, stack(0x000000001d300000,0x000000001d400000)]
  0x000000001bff8000 JavaThread "Reference Handler" daemon [_thread_blocked, id=4936, stack(0x000000001d1d0000,0x000000001d2d0000)]
  0x0000000002108000 JavaThread "main" [_thread_blocked, id=4720, stack(0x0000000002380000,0x0000000002480000)]

Other Threads:
  0x000000001bfb0800 VMThread [stack: 0x000000001d0a0000,0x000000001d1a0000] [id=7996]
  0x000000001d4a0800 WatcherThread [stack: 0x000000001e270000,0x000000001e370000] [id=4524]

VM state:not at safepoint (normal execution)

VM Mutex/Monitor currently owned by a thread: None

Heap:
 PSYoungGen      total 419328K, used 33450K [0x000000076af00000, 0x000000079df00000, 0x00000007c0000000)
  eden space 418816K, 7% used [0x000000076af00000,0x000000076cf8a928,0x0000000784800000)
  from space 512K, 25% used [0x000000079de80000,0x000000079dea0000,0x000000079df00000)
  to   space 4096K, 0% used [0x000000079d700000,0x000000079d700000,0x000000079db00000)
 ParOldGen       total 175104K, used 2686K [0x00000006c0c00000, 0x00000006cb700000, 0x000000076af00000)
  object space 175104K, 1% used [0x00000006c0c00000,0x00000006c0e9f978,0x00000006cb700000)
 Metaspace       used 16443K, capacity 16720K, committed 17024K, reserved 1064960K
  class space    used 2081K, capacity 2166K, committed 2176K, reserved 1048576K

Card table byte_map: [0x0000000011b10000,0x0000000012310000] byte_map_base: 0x000000000e50a000

Marking Bits: (ParMarkBitMap*) 0x0000000069ec3e30
 Begin Bits: [0x0000000012e80000, 0x0000000016e50000)
 End Bits:   [0x0000000016e50000, 0x000000001ae20000)

Polling page: 0x0000000000340000

CodeCache: size=245760Kb used=6923Kb max_used=6941Kb free=238836Kb
 bounds [0x0000000002750000, 0x0000000002e30000, 0x0000000011750000]
 total_blobs=2516 nmethods=1952 adapters=475
 compilation: enabled

Compilation events (10 events):
Event: 16.725 Thread 0x000000001d410000 2001       1       sun.font.GlyphList::getStrike (5 bytes)
Event: 16.725 Thread 0x000000001d410000 nmethod 2001 0x00000000028d3e90 code [0x00000000028d3fe0, 0x00000000028d40f0]
Event: 16.725 Thread 0x000000001d410000 2002       1       sun.java2d.pipe.RenderBuffer::capacity (5 bytes)
Event: 16.725 Thread 0x000000001d410000 nmethod 2002 0x00000000028d3bd0 code [0x00000000028d3d20, 0x00000000028d3e30]
Event: 16.725 Thread 0x000000001d410000 2003       1       sun.font.GlyphList::isSubPixPos (5 bytes)
Event: 16.725 Thread 0x000000001d410000 nmethod 2003 0x00000000028d3910 code [0x00000000028d3a60, 0x00000000028d3b70]
Event: 16.725 Thread 0x000000001d410000 2004       1       sun.font.GlyphList::isRGBOrder (5 bytes)
Event: 16.725 Thread 0x000000001d410000 nmethod 2004 0x00000000028d35d0 code [0x00000000028d3720, 0x00000000028d3830]
Event: 16.774 Thread 0x000000001d40e800 2005       4       sun.util.calendar.BaseCalendar::isLeapYear (5 bytes)
Event: 16.774 Thread 0x000000001d40e800 nmethod 2005 0x0000000002879d50 code [0x0000000002879e80, 0x0000000002879f38]

GC Heap History (10 events):
Event: 14.989 GC heap before
{Heap before GC invocations=10 (full 0):
 PSYoungGen      total 527872K, used 523872K [0x000000076af00000, 0x000000079e980000, 0x00000007c0000000)
  eden space 523776K, 100% used [0x000000076af00000,0x000000078ae80000,0x000000078ae80000)
  from space 4096K, 2% used [0x000000078ae80000,0x000000078ae98000,0x000000078b280000)
  to   space 4096K, 0% used [0x000000079e580000,0x000000079e580000,0x000000079e980000)
 ParOldGen       total 175104K, used 2638K [0x00000006c0c00000, 0x00000006cb700000, 0x000000076af00000)
  object space 175104K, 1% used [0x00000006c0c00000,0x00000006c0e93978,0x00000006cb700000)
 Metaspace       used 16411K, capacity 16656K, committed 17024K, reserved 1064960K
  class space    used 2081K, capacity 2166K, committed 2176K, reserved 1048576K
Event: 14.989 GC heap after
Heap after GC invocations=10 (full 0):
 PSYoungGen      total 501248K, used 96K [0x000000076af00000, 0x000000079e600000, 0x00000007c0000000)
  eden space 500736K, 0% used [0x000000076af00000,0x000000076af00000,0x0000000789800000)
  from space 512K, 18% used [0x000000079e580000,0x000000079e598000,0x000000079e600000)
  to   space 4096K, 0% used [0x000000079de00000,0x000000079de00000,0x000000079e200000)
 ParOldGen       total 175104K, used 2654K [0x00000006c0c00000, 0x00000006cb700000, 0x000000076af00000)
  object space 175104K, 1% used [0x00000006c0c00000,0x00000006c0e97978,0x00000006cb700000)
 Metaspace       used 16411K, capacity 16656K, committed 17024K, reserved 1064960K
  class space    used 2081K, capacity 2166K, committed 2176K, reserved 1048576K
}
Event: 15.524 GC heap before
{Heap before GC invocations=11 (full 0):
 PSYoungGen      total 501248K, used 500832K [0x000000076af00000, 0x000000079e600000, 0x00000007c0000000)
  eden space 500736K, 100% used [0x000000076af00000,0x0000000789800000,0x0000000789800000)
  from space 512K, 18% used [0x000000079e580000,0x000000079e598000,0x000000079e600000)
  to   space 4096K, 0% used [0x000000079de00000,0x000000079de00000,0x000000079e200000)
 ParOldGen       total 175104K, used 2654K [0x00000006c0c00000, 0x00000006cb700000, 0x000000076af00000)
  object space 175104K, 1% used [0x00000006c0c00000,0x00000006c0e97978,0x00000006cb700000)
 Metaspace       used 16411K, capacity 16656K, committed 17024K, reserved 1064960K
  class space    used 2081K, capacity 2166K, committed 2176K, reserved 1048576K
Event: 15.524 GC heap after
Heap after GC invocations=11 (full 0):
 PSYoungGen      total 482816K, used 96K [0x000000076af00000, 0x000000079e600000, 0x00000007c0000000)
  eden space 478720K, 0% used [0x000000076af00000,0x000000076af00000,0x0000000788280000)
  from space 4096K, 2% used [0x000000079de00000,0x000000079de18000,0x000000079e200000)
  to   space 4096K, 0% used [0x000000079e200000,0x000000079e200000,0x000000079e600000)
 ParOldGen       total 175104K, used 2662K [0x00000006c0c00000, 0x00000006cb700000, 0x000000076af00000)
  object space 175104K, 1% used [0x00000006c0c00000,0x00000006c0e99978,0x00000006cb700000)
 Metaspace       used 16411K, capacity 16656K, committed 17024K, reserved 1064960K
  class space    used 2081K, capacity 2166K, committed 2176K, reserved 1048576K
}
Event: 16.037 GC heap before
{Heap before GC invocations=12 (full 0):
 PSYoungGen      total 482816K, used 478816K [0x000000076af00000, 0x000000079e600000, 0x00000007c0000000)
  eden space 478720K, 100% used [0x000000076af00000,0x0000000788280000,0x0000000788280000)
  from space 4096K, 2% used [0x000000079de00000,0x000000079de18000,0x000000079e200000)
  to   space 4096K, 0% used [0x000000079e200000,0x000000079e200000,0x000000079e600000)
 ParOldGen       total 175104K, used 2662K [0x00000006c0c00000, 0x00000006cb700000, 0x000000076af00000)
  object space 175104K, 1% used [0x00000006c0c00000,0x00000006c0e99978,0x00000006cb700000)
 Metaspace       used 16411K, capacity 16656K, committed 17024K, reserved 1064960K
  class space    used 2081K, capacity 2166K, committed 2176K, reserved 1048576K
Event: 16.037 GC heap after
Heap after GC invocations=12 (full 0):
 PSYoungGen      total 458240K, used 96K [0x000000076af00000, 0x000000079e280000, 0x00000007c0000000)
  eden space 457728K, 0% used [0x000000076af00000,0x000000076af00000,0x0000000786e00000)
  from space 512K, 18% used [0x000000079e200000,0x000000079e218000,0x000000079e280000)
  to   space 4096K, 0% used [0x000000079da80000,0x000000079da80000,0x000000079de80000)
 ParOldGen       total 175104K, used 2662K [0x00000006c0c00000, 0x00000006cb700000, 0x000000076af00000)
  object space 175104K, 1% used [0x00000006c0c00000,0x00000006c0e99978,0x00000006cb700000)
 Metaspace       used 16411K, capacity 16656K, committed 17024K, reserved 1064960K
  class space    used 2081K, capacity 2166K, committed 2176K, reserved 1048576K
}
Event: 16.608 GC heap before
{Heap before GC invocations=13 (full 0):
 PSYoungGen      total 458240K, used 457824K [0x000000076af00000, 0x000000079e280000, 0x00000007c0000000)
  eden space 457728K, 100% used [0x000000076af00000,0x0000000786e00000,0x0000000786e00000)
  from space 512K, 18% used [0x000000079e200000,0x000000079e218000,0x000000079e280000)
  to   space 4096K, 0% used [0x000000079da80000,0x000000079da80000,0x000000079de80000)
 ParOldGen       total 175104K, used 2662K [0x00000006c0c00000, 0x00000006cb700000, 0x000000076af00000)
  object space 175104K, 1% used [0x00000006c0c00000,0x00000006c0e99978,0x00000006cb700000)
 Metaspace       used 16428K, capacity 16656K, committed 17024K, reserved 1064960K
  class space    used 2081K, capacity 2166K, committed 2176K, reserved 1048576K
Event: 16.608 GC heap after
Heap after GC invocations=13 (full 0):
 PSYoungGen      total 441856K, used 160K [0x000000076af00000, 0x000000079e280000, 0x00000007c0000000)
  eden space 437760K, 0% used [0x000000076af00000,0x000000076af00000,0x0000000785a80000)
  from space 4096K, 3% used [0x000000079da80000,0x000000079daa8000,0x000000079de80000)
  to   space 4096K, 0% used [0x000000079de80000,0x000000079de80000,0x000000079e280000)
 ParOldGen       total 175104K, used 2662K [0x00000006c0c00000, 0x00000006cb700000, 0x000000076af00000)
  object space 175104K, 1% used [0x00000006c0c00000,0x00000006c0e99978,0x00000006cb700000)
 Metaspace       used 16428K, capacity 16656K, committed 17024K, reserved 1064960K
  class space    used 2081K, capacity 2166K, committed 2176K, reserved 1048576K
}
Event: 17.139 GC heap before
{Heap before GC invocations=14 (full 0):
 PSYoungGen      total 441856K, used 437920K [0x000000076af00000, 0x000000079e280000, 0x00000007c0000000)
  eden space 437760K, 100% used [0x000000076af00000,0x0000000785a80000,0x0000000785a80000)
  from space 4096K, 3% used [0x000000079da80000,0x000000079daa8000,0x000000079de80000)
  to   space 4096K, 0% used [0x000000079de80000,0x000000079de80000,0x000000079e280000)
 ParOldGen       total 175104K, used 2662K [0x00000006c0c00000, 0x00000006cb700000, 0x000000076af00000)
  object space 175104K, 1% used [0x00000006c0c00000,0x00000006c0e99978,0x00000006cb700000)
 Metaspace       used 16443K, capacity 16720K, committed 17024K, reserved 1064960K
  class space    used 2081K, capacity 2166K, committed 2176K, reserved 1048576K
Event: 17.140 GC heap after
Heap after GC invocations=14 (full 0):
 PSYoungGen      total 419328K, used 128K [0x000000076af00000, 0x000000079df00000, 0x00000007c0000000)
  eden space 418816K, 0% used [0x000000076af00000,0x000000076af00000,0x0000000784800000)
  from space 512K, 25% used [0x000000079de80000,0x000000079dea0000,0x000000079df00000)
  to   space 4096K, 0% used [0x000000079d700000,0x000000079d700000,0x000000079db00000)
 ParOldGen       total 175104K, used 2686K [0x00000006c0c00000, 0x00000006cb700000, 0x000000076af00000)
  object space 175104K, 1% used [0x00000006c0c00000,0x00000006c0e9f978,0x00000006cb700000)
 Metaspace       used 16443K, capacity 16720K, committed 17024K, reserved 1064960K
  class space    used 2081K, capacity 2166K, committed 2176K, reserved 1048576K
}

Deoptimization events (10 events):
Event: 16.374 Thread 0x000000001d4cb000 Uncommon trap: reason=bimorphic action=maybe_recompile pc=0x0000000002d230a4 method=java.util.regex.Pattern$GroupTail.match(Ljava/util/regex/Matcher;ILjava/lang/CharSequence;)Z @ 70
Event: 16.374 Thread 0x000000001d4cb000 Uncommon trap: reason=class_check action=maybe_recompile pc=0x0000000002cae158 method=java.util.regex.Pattern$Start.match(Ljava/util/regex/Matcher;ILjava/lang/CharSequence;)Z @ 44
Event: 16.374 Thread 0x000000001d4cb000 Uncommon trap: reason=bimorphic action=maybe_recompile pc=0x0000000002d230a4 method=java.util.regex.Pattern$GroupTail.match(Ljava/util/regex/Matcher;ILjava/lang/CharSequence;)Z @ 70
Event: 16.374 Thread 0x000000001d4cb000 Uncommon trap: reason=class_check action=maybe_recompile pc=0x0000000002cae158 method=java.util.regex.Pattern$Start.match(Ljava/util/regex/Matcher;ILjava/lang/CharSequence;)Z @ 44
Event: 16.374 Thread 0x000000001d4cb000 Uncommon trap: reason=class_check action=maybe_recompile pc=0x0000000002cae158 method=java.util.regex.Pattern$Start.match(Ljava/util/regex/Matcher;ILjava/lang/CharSequence;)Z @ 44
Event: 16.374 Thread 0x000000001d4cb000 Uncommon trap: reason=class_check action=maybe_recompile pc=0x0000000002c6d04c method=java.util.regex.Pattern$Start.match(Ljava/util/regex/Matcher;ILjava/lang/CharSequence;)Z @ 44
Event: 16.374 Thread 0x000000001d4cb000 Uncommon trap: reason=unstable_if action=reinterpret pc=0x0000000002dcca24 method=java.util.GregorianCalendar.computeFields(II)I @ 12
Event: 16.374 Thread 0x000000001d4cb000 Uncommon trap: reason=unstable_if action=reinterpret pc=0x0000000002dbc05c method=sun.util.calendar.BaseCalendar.getFixedDate(IIILsun/util/calendar/BaseCalendar$Date;)J @ 19
Event: 16.406 Thread 0x000000001e634800 Uncommon trap: reason=unstable_if action=reinterpret pc=0x0000000002bfcb04 method=java.lang.ref.SoftReference.get()Ljava/lang/Object; @ 17
Event: 16.632 Thread 0x000000001d4cb000 Uncommon trap: reason=unstable_if action=reinterpret pc=0x0000000002dcad98 method=java.text.DateFormat.parse(Ljava/lang/String;)Ljava/util/Date; @ 20

Classes redefined (0 events):
No events

Internal exceptions (10 events):
Event: 0.078 Thread 0x0000000002108000 Exception <a 'java/io/FileNotFoundException'> (0x000000076afa9b80) thrown at [C:\re\workspace\8-2-build-windows-amd64-cygwin\jdk8u191\11896\hotspot\src\share\vm\prims\jni.cpp, line 709]
Event: 0.103 Thread 0x0000000002108000 Exception <a 'java/lang/NoSuchFieldError': method resolution failed> (0x000000076b1c2390) thrown at [C:\re\workspace\8-2-build-windows-amd64-cygwin\jdk8u191\11896\hotspot\src\share\vm\prims\methodHandles.cpp, line 1167]
Event: 0.104 Thread 0x0000000002108000 Exception <a 'java/lang/NoSuchFieldError': method resolution failed> (0x000000076b1cf6e0) thrown at [C:\re\workspace\8-2-build-windows-amd64-cygwin\jdk8u191\11896\hotspot\src\share\vm\prims\methodHandles.cpp, line 1167]
Event: 0.133 Thread 0x0000000002108000 Exception <a 'java/io/FileNotFoundException'> (0x000000076b26dd10) thrown at [C:\re\workspace\8-2-build-windows-amd64-cygwin\jdk8u191\11896\hotspot\src\share\vm\prims\jni.cpp, line 709]
Event: 0.200 Thread 0x0000000002108000 Implicit null exception at 0x00000000028c14a6 to 0x00000000028c1685
Event: 9.103 Thread 0x000000001d4cb000 Exception <a 'java/lang/NoSuchMethodError': java.lang.Object.lambda$comparing$77a9974f$1(Ljava/util/function/Function;Ljava/lang/Object;Ljava/lang/Object;)I> (0x000000076c274ed0) thrown at [C:\re\workspace\8-2-build-windows-amd64-cygwin\jdk8u191\11896\hot
Event: 9.104 Thread 0x000000001d4cb000 Exception <a 'java/lang/NoSuchMethodError': java.lang.Object.lambda$maxBy$1(Ljava/util/Comparator;Ljava/lang/Object;Ljava/lang/Object;)Ljava/lang/Object;> (0x000000076c280d88) thrown at [C:\re\workspace\8-2-build-windows-amd64-cygwin\jdk8u191\11896\hotspo
Event: 16.374 Thread 0x000000001d4cb000 Implicit null exception at 0x0000000002dcc1e1 to 0x0000000002dcca01
Event: 16.374 Thread 0x000000001d4cb000 Implicit null exception at 0x0000000002dbbb93 to 0x0000000002dbc02d
Event: 17.170 Thread 0x000000001d4cb000 Implicit null exception at 0x0000000002c403dd to 0x0000000000000000

Events (10 events):
Event: 17.140 Executing VM operation: RevokeBias
Event: 17.141 Executing VM operation: RevokeBias done
Event: 17.141 Executing VM operation: RevokeBias
Event: 17.141 Executing VM operation: RevokeBias done
Event: 17.141 Executing VM operation: RevokeBias
Event: 17.141 Executing VM operation: RevokeBias done
Event: 17.141 Executing VM operation: RevokeBias
Event: 17.141 Executing VM operation: RevokeBias done
Event: 17.141 Executing VM operation: RevokeBias
Event: 17.141 Executing VM operation: RevokeBias done


Dynamic libraries:
0x000000013f5f0000 - 0x000000013f627000 	C:\Program Files\Java\jdk1.8.0_191\bin\java.exe
0x0000000077b90000 - 0x0000000077d2f000 	C:\Windows\SYSTEM32\ntdll.dll
0x000007feecca0000 - 0x000007feeccb2000 	C:\Program Files\AVAST Software\Avast\aswhook.dll
0x0000000077a70000 - 0x0000000077b8f000 	C:\Windows\system32\kernel32.dll
0x000007fefd970000 - 0x000007fefd9d7000 	C:\Windows\system32\KERNELBASE.dll
0x000007fefee70000 - 0x000007fefef4b000 	C:\Windows\system32\ADVAPI32.dll
0x000007feff1f0000 - 0x000007feff28f000 	C:\Windows\system32\msvcrt.dll
0x000007fefde50000 - 0x000007fefde6f000 	C:\Windows\SYSTEM32\sechost.dll
0x000007feff5b0000 - 0x000007feff6dc000 	C:\Windows\system32\RPCRT4.dll
0x0000000077970000 - 0x0000000077a6b000 	C:\Windows\system32\USER32.dll
0x000007fefeda0000 - 0x000007fefee07000 	C:\Windows\system32\GDI32.dll
0x000007fefdb70000 - 0x000007fefdb7e000 	C:\Windows\system32\LPK.dll
0x000007fefde70000 - 0x000007fefdf3b000 	C:\Windows\system32\USP10.dll
0x000007fefcef0000 - 0x000007fefd0e5000 	C:\Windows\WinSxS\amd64_microsoft.windows.common-controls_6595b64144ccf1df_6.0.7601.24483_none_e372d88f30fbb845\COMCTL32.dll
0x000007fefed20000 - 0x000007fefed91000 	C:\Windows\system32\SHLWAPI.dll
0x000007fefdb40000 - 0x000007fefdb6e000 	C:\Windows\system32\IMM32.DLL
0x000007feff0e0000 - 0x000007feff1eb000 	C:\Windows\system32\MSCTF.dll
0x000000006ba70000 - 0x000000006bb42000 	C:\Program Files\Java\jdk1.8.0_191\jre\bin\msvcr100.dll
0x00000000696a0000 - 0x0000000069f44000 	C:\Program Files\Java\jdk1.8.0_191\jre\bin\server\jvm.dll
0x000007fefc1e0000 - 0x000007fefc1e9000 	C:\Windows\system32\WSOCK32.dll
0x000007fefdf40000 - 0x000007fefdf8d000 	C:\Windows\system32\WS2_32.dll
0x000007fefdb80000 - 0x000007fefdb88000 	C:\Windows\system32\NSI.dll
0x000007fefae60000 - 0x000007fefae9b000 	C:\Windows\system32\WINMM.dll
0x000007fefc0f0000 - 0x000007fefc0fc000 	C:\Windows\system32\VERSION.dll
0x0000000077d40000 - 0x0000000077d47000 	C:\Windows\system32\PSAPI.DLL
0x000000006e9c0000 - 0x000000006e9cf000 	C:\Program Files\Java\jdk1.8.0_191\jre\bin\verify.dll
0x000000006ba00000 - 0x000000006ba29000 	C:\Program Files\Java\jdk1.8.0_191\jre\bin\java.dll
0x000000006b9e0000 - 0x000000006b9f6000 	C:\Program Files\Java\jdk1.8.0_191\jre\bin\zip.dll
0x000007fefdf90000 - 0x000007fefed1b000 	C:\Windows\system32\SHELL32.dll
0x000007feff3b0000 - 0x000007feff5af000 	C:\Windows\system32\ole32.dll
0x000007fefd6e0000 - 0x000007fefd6ef000 	C:\Windows\system32\profapi.dll
0x00000000746e0000 - 0x0000000074879000 	C:\Program Files\Java\jdk1.8.0_191\jre\bin\awt.dll
0x000007fefdd70000 - 0x000007fefde4b000 	C:\Windows\system32\OLEAUT32.dll
0x000007fefb3b0000 - 0x000007fefb3c8000 	C:\Windows\system32\DWMAPI.DLL
0x000007fef5b30000 - 0x000007fef5c4d000 	C:\Windows\system32\opengl32.dll
0x000007fef7500000 - 0x000007fef752d000 	C:\Windows\system32\GLU32.dll
0x000007fec9c50000 - 0x000007fec9d41000 	C:\Windows\system32\DDRAW.dll
0x000007fee56e0000 - 0x000007fee56e8000 	C:\Windows\system32\DCIMAN32.dll
0x000007fefdb90000 - 0x000007fefdd67000 	C:\Windows\system32\SETUPAPI.dll
0x000007fefd930000 - 0x000007fefd966000 	C:\Windows\system32\CFGMGR32.dll
0x000007fefda80000 - 0x000007fefda9a000 	C:\Windows\system32\DEVOBJ.dll
0x000007fefb7e0000 - 0x000007fefb836000 	C:\Windows\system32\uxtheme.dll
0x000007fefd540000 - 0x000007fefd54f000 	C:\Windows\system32\CRYPTBASE.dll
0x000007fed9bd0000 - 0x000007fed9dcf000 	C:\Windows\system32\d3d9.dll
0x000007feebab0000 - 0x000007feebab7000 	C:\Windows\system32\d3d8thk.dll
0x000000001f110000 - 0x00000000202e4000 	C:\Windows\system32\nvd3dumx.dll
0x000007fef50c0000 - 0x000007fef50c3000 	C:\Windows\system32\api-ms-win-core-synch-l1-2-0.DLL
0x000007fefaa10000 - 0x000007fefaa3c000 	C:\Windows\system32\powrprof.dll
0x000007fee44f0000 - 0x000007fee45dc000 	C:\Program Files (x86)\NVIDIA Corporation\3D Vision\nvSCPAPI64.dll
0x000007fee7fa0000 - 0x000007fee817c000 	C:\Windows\system32\nvspcap64.dll
0x000007fef97d0000 - 0x000007fef9841000 	C:\Windows\system32\WINHTTP.dll
0x000007fef9760000 - 0x000007fef97c5000 	C:\Windows\system32\webio.dll
0x000007fefc330000 - 0x000007fefc341000 	C:\Windows\system32\WTSAPI32.dll
0x000007fee5e30000 - 0x000007fee628c000 	C:\Windows\system32\nvapi64.dll
0x000007fefd780000 - 0x000007fefd8ed000 	C:\Windows\system32\crypt32.dll
0x000007fefd6f0000 - 0x000007fefd6ff000 	C:\Windows\system32\MSASN1.dll
0x000007fefd8f0000 - 0x000007fefd92b000 	C:\Windows\system32\WINTRUST.DLL
0x000007feff9b0000 - 0x000007feff9c9000 	C:\Windows\system32\imagehlp.dll
0x000007fefcb80000 - 0x000007fefcb98000 	C:\Windows\system32\CRYPTSP.dll
0x000007fefc880000 - 0x000007fefc8c7000 	C:\Windows\system32\rsaenh.dll
0x000007fefcd50000 - 0x000007fefcda0000 	C:\Windows\system32\ncrypt.dll
0x000007fefcd20000 - 0x000007fefcd42000 	C:\Windows\system32\bcrypt.dll
0x000007fefcc90000 - 0x000007fefccdc000 	C:\Windows\system32\bcryptprimitives.dll
0x000007feeb850000 - 0x000007feeb8f0000 	C:\Windows\WinSxS\amd64_microsoft.windows.common-controls_6595b64144ccf1df_5.82.7601.18837_none_a4d981ff711297b6\comctl32.dll
0x00000000748a0000 - 0x00000000748e7000 	C:\Program Files\Java\jdk1.8.0_191\jre\bin\fontmanager.dll
0x000000006c720000 - 0x000000006c73a000 	C:\Program Files\Java\jdk1.8.0_191\jre\bin\net.dll
0x000007fefcb20000 - 0x000007fefcb75000 	C:\Windows\system32\mswsock.dll
0x000007fefcb10000 - 0x000007fefcb17000 	C:\Windows\System32\wship6.dll
0x000000006b9c0000 - 0x000000006b9d1000 	C:\Program Files\Java\jdk1.8.0_191\jre\bin\nio.dll
0x0000000074690000 - 0x00000000746d2000 	C:\Program Files\Java\jdk1.8.0_191\jre\bin\t2k.dll
0x000007feff310000 - 0x000007feff3a9000 	C:\Windows\system32\CLBCatQ.DLL
0x000007fefb840000 - 0x000007fefb96c000 	C:\Windows\system32\propsys.dll
0x000007fefa880000 - 0x000007fefa8ad000 	C:\Windows\system32\ntmarta.dll
0x000007fefee10000 - 0x000007fefee62000 	C:\Windows\system32\WLDAP32.dll
0x000007fefd4e0000 - 0x000007fefd537000 	C:\Windows\system32\apphelp.dll
0x000007fee6990000 - 0x000007fee6b2c000 	C:\Windows\system32\NetworkExplorer.dll
0x000007fefbd00000 - 0x000007fefbd34000 	C:\Windows\System32\shdocvw.dll
0x000007fefa690000 - 0x000007fefa69b000 	C:\Windows\system32\slc.dll
0x000007feeba90000 - 0x000007feebaa8000 	C:\Windows\system32\MPR.dll
0x000007fef78a0000 - 0x000007fef78aa000 	C:\Windows\System32\drprov.dll
0x000007fefd610000 - 0x000007fefd64d000 	C:\Windows\System32\WINSTA.dll
0x000007fef7850000 - 0x000007fef786e000 	C:\Windows\System32\davclnt.dll
0x000007fefb9a0000 - 0x000007fefb9aa000 	C:\Windows\System32\DAVHLPR.dll
0x000007fee8f20000 - 0x000007fee9191000 	C:\Windows\system32\wpdshext.dll
0x000007fefb5c0000 - 0x000007fefb7d9000 	C:\Windows\WinSxS\amd64_microsoft.windows.gdiplus_6595b64144ccf1df_1.1.7601.24542_none_1459e0f08b91b367\gdiplus.dll
0x000007feeb920000 - 0x000007feeb9dd000 	C:\Windows\system32\PortableDeviceApi.dll
0x000007fee8430000 - 0x000007fee8465000 	C:\Windows\system32\EhStorShell.dll
0x000007fef73b0000 - 0x000007fef73d7000 	C:\Windows\system32\EhStorAPI.dll
0x000007fee9ef0000 - 0x000007fee9efc000 	C:\Windows\system32\LINKINFO.dll
0x000007fefb200000 - 0x000007fefb361000 	C:\Windows\system32\WindowsCodecs.dll
0x000007fee82d0000 - 0x000007fee830c000 	C:\Users\Thewbacca\AppData\Local\Microsoft\SkyDrive\16.4.6013.0910\amd64\SkyDriveShell64.dll
0x000007fee8220000 - 0x000007fee82c7000 	C:\Users\Thewbacca\AppData\Local\Microsoft\SkyDrive\16.4.6013.0910\amd64\MSVCP110.dll
0x000007fee7760000 - 0x000007fee782e000 	C:\Users\Thewbacca\AppData\Local\Microsoft\SkyDrive\16.4.6013.0910\amd64\MSVCR110.dll
0x000007feff9d0000 - 0x000007feffe7c000 	C:\Windows\system32\WININET.dll
0x000007fefd700000 - 0x000007fefd704000 	C:\Windows\system32\api-ms-win-downlevel-user32-l1-1-0.dll
0x000007fefd710000 - 0x000007fefd714000 	C:\Windows\system32\api-ms-win-downlevel-shlwapi-l1-1-0.dll
0x000007fefd740000 - 0x000007fefd744000 	C:\Windows\system32\api-ms-win-downlevel-version-l1-1-0.dll
0x000007fefd730000 - 0x000007fefd733000 	C:\Windows\system32\api-ms-win-downlevel-normaliz-l1-1-0.dll
0x0000000077d30000 - 0x0000000077d33000 	C:\Windows\system32\normaliz.DLL
0x000007feff6e0000 - 0x000007feff9ac000 	C:\Windows\system32\iertutil.dll
0x000007fefd770000 - 0x000007fefd775000 	C:\Windows\system32\api-ms-win-downlevel-advapi32-l1-1-0.dll
0x000007fefd750000 - 0x000007fefd76f000 	C:\Windows\system32\USERENV.dll
0x000007fee6470000 - 0x000007fee678a000 	C:\Program Files\AVAST Software\Avast\ashShell.dll
0x000007fef6760000 - 0x000007fef6a7e000 	C:\Windows\system32\msi.dll
0x000000001d840000 - 0x000000001d85c000 	C:\Users\Thewbacca\AppData\Roaming\Dropbox\bin\DropboxExt64.14.dll
0x000007fef92d0000 - 0x000007fef93f5000 	C:\Windows\system32\dbghelp.dll
0x000007fee75d0000 - 0x000007fee7666000 	C:\Windows\system32\msvcp60.dll
0x000007fee7550000 - 0x000007fee75d0000 	C:\Windows\system32\ntshrui.dll
0x000007fefd1c0000 - 0x000007fefd1e3000 	C:\Windows\system32\srvcli.dll
0x000007fee8310000 - 0x000007fee831f000 	C:\Windows\system32\cscapi.dll
0x000007feeb800000 - 0x000007feeb808000 	C:\Windows\system32\IconCodecService.dll
0x000007fef5a10000 - 0x000007fef5aae000 	C:\Windows\system32\RICHED20.DLL
0x00000000745c0000 - 0x00000000745f1000 	C:\Program Files\Java\jdk1.8.0_191\jre\bin\jpeg.dll
0x0000000074580000 - 0x00000000745be000 	C:\Program Files\Java\jdk1.8.0_191\jre\bin\lcms.dll

VM Arguments:
jvm_args: -Dfile.encoding=UTF-8 
java_command: Main
java_class_path (initial): C:\Program Files\NetBeans 8.0.2\java\modules\ext\beansbinding-1.2.1.jar;D:\Documents\COURSES\Software\javaocr;D:\Documents\COURSES\Software\ImageComparison\build\classes
Launcher Type: SUN_STANDARD

Environment Variables:
JAVA_HOME=C:\Program Files\Java\jdk1.8.0_191
USERNAME=Thewbacca
OS=Windows_NT
PROCESSOR_IDENTIFIER=Intel64 Family 6 Model 58 Stepping 9, GenuineIntel



---------------  S Y S T E M  ---------------

OS: Windows 7 , 64 bit Build 7601 (6.1.7601.24545)

CPU:total 4 (initial active 4) (4 cores per cpu, 1 threads per core) family 6 model 58 stepping 9, cmov, cx8, fxsr, mmx, sse, sse2, sse3, ssse3, sse4.1, sse4.2, popcnt, avx, aes, clmul, erms, tsc, tscinvbit, tscinv

Memory: 4k page, physical 16724992k(6697680k free), swap 33448084k(21243592k free)

vm_info: Java HotSpot(TM) 64-Bit Server VM (25.191-b12) for windows-amd64 JRE (1.8.0_191-b12), built on Oct  6 2018 09:29:03 by "java_re" with MS VC++ 10.0 (VS2010)

time: Sat Dec 19 16:02:27 2020
elapsed time: 17 seconds (0d 0h 0m 17s)

